<?xml version="1.0" encoding="UTF-8"?>
<!-- Generated by org.testng.reporters.JUnitReportReporter -->
<testsuite skipped="0" hostname="SVINLP00359" name="com.suntaragali.restapi.RestBasicsXML" tests="5" failures="0" timestamp="09 Jul 2019 11:00:31 GMT" time="3.957" errors="0">
  <testcase name="verifyCompleteTextInOneGo" time="2.127" classname="com.suntaragali.restapi.RestBasicsXML"/>
  <testcase name="verifyXMLResponse" time="0.469" classname="com.suntaragali.restapi.RestBasicsXML"/>
  <testcase name="verifySingleContent" time="0.447" classname="com.suntaragali.restapi.RestBasicsXML"/>
  <testcase name="verifyResponseUsingXPath" time="0.503" classname="com.suntaragali.restapi.RestBasicsXML"/>
  <testcase name="verifyResponseUsingXPath2" time="0.411" classname="com.suntaragali.restapi.RestBasicsXML"/>
</testsuite> <!-- com.suntaragali.restapi.RestBasicsXML -->
