<?xml version="1.0" encoding="UTF-8"?>
<!-- Generated by org.testng.reporters.JUnitReportReporter -->
<testsuite skipped="0" hostname="SVINLP00359" name="com.suntaragali.restapi.ResponseTime" tests="1" failures="0" timestamp="12 Jul 2019 10:40:30 GMT" time="1.696" errors="0">
  <testcase name="testResponseTime" time="1.696" classname="com.suntaragali.restapi.ResponseTime"/>
</testsuite> <!-- com.suntaragali.restapi.ResponseTime -->
