<?xml version="1.0" encoding="UTF-8"?>
<!-- Generated by org.testng.reporters.JUnitReportReporter -->
<testsuite skipped="0" hostname="SVINLP00359" name="com.suntaragali.restapi.SetRequestData" tests="4" failures="0" timestamp="11 Jul 2019 13:09:25 GMT" time="7.798" errors="0">
  <testcase name="testSetContentType" time="1.499" classname="com.suntaragali.restapi.SetRequestData"/>
  <testcase name="testQueryParams" time="2.520" classname="com.suntaragali.restapi.SetRequestData"/>
  <testcase name="testConnect" time="3.141" classname="com.suntaragali.restapi.SetRequestData"/>
  <testcase name="testPathParams" time="0.638" classname="com.suntaragali.restapi.SetRequestData"/>
</testsuite> <!-- com.suntaragali.restapi.SetRequestData -->
