<?xml version="1.0" encoding="UTF-8"?>
<!-- Generated by org.testng.reporters.JUnitReportReporter -->
<testsuite skipped="0" hostname="SVINLP00359" name="com.suntaragali.restapi.GroovyFeatures" tests="2" failures="0" timestamp="11 Jul 2019 08:09:30 GMT" time="6.163" errors="0">
  <testcase name="testGetResponseAsList" time="4.954" classname="com.suntaragali.restapi.GroovyFeatures"/>
  <testcase name="testLengthOfResponse" time="1.209" classname="com.suntaragali.restapi.GroovyFeatures"/>
</testsuite> <!-- com.suntaragali.restapi.GroovyFeatures -->
