<?xml version="1.0" encoding="UTF-8"?>
<!-- Generated by org.testng.reporters.JUnitReportReporter -->
<testsuite skipped="0" hostname="SVINLP00359" name="com.suntaragali.restapi.VerifyResponse" tests="5" failures="0" timestamp="12 Jul 2019 10:25:46 GMT" time="9.809" errors="0">
  <testcase name="testResponseHeaders" time="1.642" classname="com.suntaragali.restapi.VerifyResponse"/>
  <testcase name="testBodyInResponse" time="2.244" classname="com.suntaragali.restapi.VerifyResponse"/>
  <testcase name="testResponseStatus" time="3.089" classname="com.suntaragali.restapi.VerifyResponse"/>
  <testcase name="testResponseParameters" time="1.705" classname="com.suntaragali.restapi.VerifyResponse"/>
  <testcase name="testContentType" time="1.129" classname="com.suntaragali.restapi.VerifyResponse"/>
</testsuite> <!-- com.suntaragali.restapi.VerifyResponse -->
