<?xml version="1.0" encoding="UTF-8"?>
<!-- Generated by org.testng.reporters.JUnitReportReporter -->
<testsuite skipped="0" hostname="SVINLP00359" name="com.suntaragali.restapi.HeadersNCookies" tests="2" failures="0" timestamp="10 Jul 2019 16:46:53 GMT" time="2.545" errors="0">
  <testcase name="testCookies" time="1.917" classname="com.suntaragali.restapi.HeadersNCookies"/>
  <testcase name="testResponseHeaders" time="0.628" classname="com.suntaragali.restapi.HeadersNCookies"/>
</testsuite> <!-- com.suntaragali.restapi.HeadersNCookies -->
