<?xml version="1.0" encoding="UTF-8"?>
<!-- Generated by org.testng.reporters.JUnitReportReporter -->
<testsuite skipped="0" hostname="SVINLP00359" name="com.suntaragali.restapi.ExtractingResponse" tests="7" failures="0" timestamp="10 Jul 2019 09:36:24 GMT" time="12.118" errors="0">
  <testcase name="testGetResponseAsInputStream" time="1.114" classname="com.suntaragali.restapi.ExtractingResponse"/>
  <testcase name="testGetResponseAsString" time="1.127" classname="com.suntaragali.restapi.ExtractingResponse"/>
  <testcase name="testExtractContentUsingReponse" time="1.892" classname="com.suntaragali.restapi.ExtractingResponse"/>
  <testcase name="testResponseDetailsUsingPath" time="1.606" classname="com.suntaragali.restapi.ExtractingResponse"/>
  <testcase name="testExtractResponseInOneLine" time="3.282" classname="com.suntaragali.restapi.ExtractingResponse"/>
  <testcase name="testGetResponseAsByteArray" time="1.129" classname="com.suntaragali.restapi.ExtractingResponse"/>
  <testcase name="testSchema" time="1.968" classname="com.suntaragali.restapi.ExtractingResponse"/>
</testsuite> <!-- com.suntaragali.restapi.ExtractingResponse -->
