<?xml version="1.0" encoding="UTF-8"?>
<!-- Generated by org.testng.reporters.JUnitReportReporter -->
<testsuite skipped="0" hostname="SVINLP00359" name="com.suntaragali.restapi.RestBasics" tests="5" failures="0" timestamp="09 Jul 2019 08:13:35 GMT" time="4.007" errors="0">
  <testcase name="testANDFeature" time="2.157" classname="com.suntaragali.restapi.RestBasics"/>
  <testcase name="testParametersAndHeaders" time="0.670" classname="com.suntaragali.restapi.RestBasics"/>
  <testcase name="verifyStatusCode" time="0.279" classname="com.suntaragali.restapi.RestBasics"/>
  <testcase name="testHasItemMatcherMethod" time="0.600" classname="com.suntaragali.restapi.RestBasics"/>
  <testcase name="testLoggingFeature" time="0.301" classname="com.suntaragali.restapi.RestBasics"/>
</testsuite> <!-- com.suntaragali.restapi.RestBasics -->
