<?xml version="1.0" encoding="UTF-8"?>
<!-- Generated by org.testng.reporters.JUnitReportReporter -->
<testsuite skipped="0" hostname="SVINLP00359" name="com.suntaragali.restapi.JsonPathExample" tests="2" failures="0" timestamp="11 Jul 2019 08:13:13 GMT" time="3.636" errors="0">
  <testcase name="testJsonPath1" time="0.823" classname="com.suntaragali.restapi.JsonPathExample"/>
  <testcase name="testJsonPath" time="2.813" classname="com.suntaragali.restapi.JsonPathExample"/>
</testsuite> <!-- com.suntaragali.restapi.JsonPathExample -->
