<?xml version="1.0" encoding="UTF-8"?>
<!-- Generated by org.testng.reporters.JUnitReportReporter -->
<testsuite skipped="0" hostname="SVINLP00359" name="com.suntaragali.config.GPathJSONTests" tests="7" failures="0" timestamp="05 Aug 2019 13:02:18 GMT" time="6.989" errors="0">
  <testcase name="extractMultiplePlayers" time="0.357" classname="com.suntaragali.config.GPathJSONTests"/>
  <testcase name="extractMapOfObjectWithFindAndFindAll" time="0.385" classname="com.suntaragali.config.GPathJSONTests"/>
  <testcase name="extractMultipleValuesAndSumThem" time="0.867" classname="com.suntaragali.config.GPathJSONTests"/>
  <testcase name="extractSingleValueWithHighestNumber" time="1.110" classname="com.suntaragali.config.GPathJSONTests"/>
  <testcase name="extractSingleValueWithFind" time="0.899" classname="com.suntaragali.config.GPathJSONTests"/>
  <testcase name="extractListOfValuesWithFindAll" time="2.229" classname="com.suntaragali.config.GPathJSONTests"/>
  <testcase name="extractMapOfElementsWithFind" time="1.142" classname="com.suntaragali.config.GPathJSONTests"/>
</testsuite> <!-- com.suntaragali.config.GPathJSONTests -->
