<?xml version="1.0" encoding="UTF-8"?>
<!-- Generated by org.testng.reporters.JUnitReportReporter -->
<testsuite skipped="8" hostname="SVINLP00359" name="com.suntaragali.tests.VideoGameDBTests" tests="10" failures="0" timestamp="05 Aug 2019 06:10:48 GMT" time="1.333" errors="0">
  <testcase name="getAllGames" time="0.112" classname="com.suntaragali.tests.VideoGameDBTests"/>
  <testcase name="convertJSONToPOJO" time="1.221" classname="com.suntaragali.tests.VideoGameDBTests"/>
  <testcase name="deleteGame" classname="com.suntaragali.tests.VideoGameDBTests">
    <skipped/>
  </testcase> <!-- deleteGame -->
  <testcase name="createNewGameByJSON" classname="com.suntaragali.tests.VideoGameDBTests">
    <skipped/>
  </testcase> <!-- createNewGameByJSON -->
  <testcase name="testVideoGamesSchemaJSON" classname="com.suntaragali.tests.VideoGameDBTests">
    <skipped/>
  </testcase> <!-- testVideoGamesSchemaJSON -->
  <testcase name="createNewGamesByXML" classname="com.suntaragali.tests.VideoGameDBTests">
    <skipped/>
  </testcase> <!-- createNewGamesByXML -->
  <testcase name="updateGame" classname="com.suntaragali.tests.VideoGameDBTests">
    <skipped/>
  </testcase> <!-- updateGame -->
  <testcase name="testVideoGameSerializationByJSON" classname="com.suntaragali.tests.VideoGameDBTests">
    <skipped/>
  </testcase> <!-- testVideoGameSerializationByJSON -->
  <testcase name="getSingleGame" classname="com.suntaragali.tests.VideoGameDBTests">
    <skipped/>
  </testcase> <!-- getSingleGame -->
  <testcase name="testVideoGamesSchemaXML" classname="com.suntaragali.tests.VideoGameDBTests">
    <skipped/>
  </testcase> <!-- testVideoGamesSchemaXML -->
</testsuite> <!-- com.suntaragali.tests.VideoGameDBTests -->
