<?xml version="1.0" encoding="UTF-8"?>
<!-- Generated by org.testng.reporters.JUnitReportReporter -->
<testsuite skipped="0" hostname="SVINLP00359" name="com.suntaragali.tests.AuthenticationTests" tests="4" failures="0" timestamp="05 Aug 2019 13:52:53 GMT" time="1.632" errors="0">
  <testcase name="basicPreemptiveAuthTest" time="0.034" classname="com.suntaragali.tests.AuthenticationTests"/>
  <testcase name="basicChallengedAuthTest" time="1.418" classname="com.suntaragali.tests.AuthenticationTests"/>
  <testcase name="oauth1Test" time="0.150" classname="com.suntaragali.tests.AuthenticationTests"/>
  <testcase name="oauth2Test" time="0.030" classname="com.suntaragali.tests.AuthenticationTests"/>
</testsuite> <!-- com.suntaragali.tests.AuthenticationTests -->
