<?xml version="1.0" encoding="UTF-8"?>
<!-- Generated by org.testng.reporters.JUnitReportReporter -->
<testsuite skipped="5" hostname="SVINLP00359" name="com.suntaragali.tests.FootballTests" tests="8" failures="0" timestamp="01 Aug 2019 14:07:47 GMT" time="4.275" errors="0">
  <testcase name="extractAllTeamNames" time="2.300" classname="com.suntaragali.tests.FootballTests"/>
  <testcase name="extractFirstTeamName" time="1.119" classname="com.suntaragali.tests.FootballTests"/>
  <testcase name="extractHeaders" time="0.856" classname="com.suntaragali.tests.FootballTests"/>
  <testcase name="getAllTeamData" classname="com.suntaragali.tests.FootballTests">
    <skipped/>
  </testcase> <!-- getAllTeamData -->
  <testcase name="getTeamCount_OneComp" classname="com.suntaragali.tests.FootballTests">
    <skipped/>
  </testcase> <!-- getTeamCount_OneComp -->
  <testcase name="getFirstTeamName" classname="com.suntaragali.tests.FootballTests">
    <skipped/>
  </testcase> <!-- getFirstTeamName -->
  <testcase name="getAllTeamData_DoCheckFirst" classname="com.suntaragali.tests.FootballTests">
    <skipped/>
  </testcase> <!-- getAllTeamData_DoCheckFirst -->
  <testcase name="getAllCompetitionsOneSeason" classname="com.suntaragali.tests.FootballTests">
    <skipped/>
  </testcase> <!-- getAllCompetitionsOneSeason -->
</testsuite> <!-- com.suntaragali.tests.FootballTests -->
