<?xml version="1.0" encoding="UTF-8"?>
<!-- Generated by org.testng.reporters.JUnitReportReporter -->
<testsuite skipped="0" hostname="SVINLP00359" name="com.suntaragali.config.GPathXMLTests" tests="7" failures="0" timestamp="05 Aug 2019 13:29:37 GMT" time="1.357" errors="0">
  <testcase name="getListOfXmlNodesByFindAllOnAttributes" time="0.033" classname="com.suntaragali.config.GPathXMLTests"/>
  <testcase name="getSingleNode" time="0.029" classname="com.suntaragali.config.GPathXMLTests"/>
  <testcase name="getAllNodesBasedOnCondition" time="1.120" classname="com.suntaragali.config.GPathXMLTests"/>
  <testcase name="getAttributeName" time="0.063" classname="com.suntaragali.config.GPathXMLTests"/>
  <testcase name="getFirtGameInList" time="0.032" classname="com.suntaragali.config.GPathXMLTests"/>
  <testcase name="getListOfXmlNodes" time="0.043" classname="com.suntaragali.config.GPathXMLTests"/>
  <testcase name="getSingleElementDepthFirst" time="0.037" classname="com.suntaragali.config.GPathXMLTests"/>
</testsuite> <!-- com.suntaragali.config.GPathXMLTests -->
