<?xml version="1.0" encoding="UTF-8"?>
<!-- Generated by org.testng.reporters.JUnitReportReporter -->
<testsuite skipped="0" hostname="SVINLP00359" name="com.suntaragali.restassured.VideoGamesDBTest" tests="2" failures="0" timestamp="01 Aug 2019 06:27:35 GMT" time="1.015" errors="0">
  <testcase name="deleteGame" time="0.947" classname="com.suntaragali.restassured.VideoGamesDBTest"/>
  <testcase name="getVideoGamesById" time="0.068" classname="com.suntaragali.restassured.VideoGamesDBTest"/>
</testsuite> <!-- com.suntaragali.restassured.VideoGamesDBTest -->
